Running visualization script for final 3-hour horizon plots...
Generating Kalman Filter visualizations...
Error loading /dtu/blackhole/10/178320/preprocessed_1/final/test/372119000_0_processed.pkl: operands could not be broadcast together with shapes (36,2) (6,2) 
Error loading /dtu/blackhole/10/178320/preprocessed_1/final/test/248292000_0_processed.pkl: operands could not be broadcast together with shapes (36,2) (29,2) 
Error loading /dtu/blackhole/10/178320/preprocessed_1/final/test/246199000_0_processed.pkl: operands could not be broadcast together with shapes (36,2) (24,2) 
Error loading /dtu/blackhole/10/178320/preprocessed_1/final/test/255946000_0_processed.pkl: operands could not be broadcast together with shapes (36,2) (0,2) 
Error loading /dtu/blackhole/10/178320/preprocessed_1/final/test/367802000_2_processed.pkl: operands could not be broadcast together with shapes (36,2) (25,2) 
Error loading /dtu/blackhole/10/178320/preprocessed_1/final/test/255806227_2_processed.pkl: operands could not be broadcast together with shapes (36,2) (30,2) 
Error loading /dtu/blackhole/10/178320/preprocessed_1/final/test/304690000_2_processed.pkl: operands could not be broadcast together with shapes (36,2) (16,2) 
Error loading /dtu/blackhole/10/178320/preprocessed_1/final/test/650640000_0_processed.pkl: operands could not be broadcast together with shapes (36,2) (28,2) 
Error loading /dtu/blackhole/10/178320/preprocessed_1/final/test/477941900_0_processed.pkl: operands could not be broadcast together with shapes (36,2) (7,2) 
Error loading /dtu/blackhole/10/178320/preprocessed_1/final/test/273414440_1_processed.pkl: operands could not be broadcast together with shapes (36,2) (17,2) 
Error loading /dtu/blackhole/10/178320/preprocessed_1/final/test/209916000_3_processed.pkl: operands could not be broadcast together with shapes (36,2) (11,2) 
Error loading /dtu/blackhole/10/178320/preprocessed_1/final/test/563171700_0_processed.pkl: operands could not be broadcast together with shapes (36,2) (0,2) 
Error loading /dtu/blackhole/10/178320/preprocessed_1/final/test/215793000_3_processed.pkl: operands could not be broadcast together with shapes (36,2) (23,2) 
Error loading /dtu/blackhole/10/178320/preprocessed_1/final/test/538009889_3_processed.pkl: operands could not be broadcast together with shapes (36,2) (0,2) 
Error loading /dtu/blackhole/10/178320/preprocessed_1/final/test/314621000_0_processed.pkl: operands could not be broadcast together with shapes (36,2) (29,2) 
Generating 6 individual trajectory plots...
Adding basemap with roaring-landmask...
roaring-landmask failed (No constructor defined). Falling back to contextily or image mask.
Adding basemap with contextily...
  -> Saved data/figures/kalman_final_3h/kalman_prediction_best_1.png
Adding basemap with roaring-landmask...
roaring-landmask failed (No constructor defined). Falling back to contextily or image mask.
Adding basemap with contextily...
  -> Saved data/figures/kalman_final_3h/kalman_prediction_best_2.png
Adding basemap with roaring-landmask...
roaring-landmask failed (No constructor defined). Falling back to contextily or image mask.
Adding basemap with contextily...
  -> Saved data/figures/kalman_final_3h/kalman_prediction_median_1.png
Adding basemap with roaring-landmask...
roaring-landmask failed (No constructor defined). Falling back to contextily or image mask.
Adding basemap with contextily...
  -> Saved data/figures/kalman_final_3h/kalman_prediction_median_2.png
Adding basemap with roaring-landmask...
roaring-landmask failed (No constructor defined). Falling back to contextily or image mask.
Adding basemap with contextily...
  -> Saved data/figures/kalman_final_3h/kalman_prediction_worst_1.png
Adding basemap with roaring-landmask...
roaring-landmask failed (No constructor defined). Falling back to contextily or image mask.
Adding basemap with contextily...
  -> Saved data/figures/kalman_final_3h/kalman_prediction_worst_2.png
Individual trajectory plots saved.

Done! Check data/figures/kalman_final_3h for output.
Visualization script finished.
Plots saved in data/figures/kalman_final_3h

------------------------------------------------------------
Sender: LSF System <lsfadmin@hpc.dtu.dk>
Subject: Job 27059008: <visualize_kalman> in cluster <dcc> Done

Job <visualize_kalman> was submitted from host <gbarlogin1> by user <s221710> in cluster <dcc> at Mon Nov 17 19:32:00 2025
Job was executed on host(s) <n-62-31-24>, in queue <hpc>, as user <s221710> in cluster <dcc> at Mon Nov 17 19:32:01 2025
</zhome/f5/1/178320> was used as the home directory.
</zhome/f5/1/178320/AIS-MDA> was used as the working directory.
Started at Mon Nov 17 19:32:01 2025
Terminated at Mon Nov 17 19:32:25 2025
Results reported at Mon Nov 17 19:32:25 2025

Your job looked like:

------------------------------------------------------------
# LSBATCH: User input
#!/bin/bash
#BSUB -J visualize_kalman
#BSUB -o logs/kalman_visualization_%J.out
#BSUB -e logs/kalman_visualization_%J.err
#BSUB -q hpc
#BSUB -n 1
#BSUB -R "rusage[mem=4G]"
#BSUB -W 00:30

### cd to repo dir
cd ~/AIS-MDA

### load python module FIRST (before venv)
module swap python3/3.13.2

### activate environment (after module load)
source .venv/bin/activate

### Create log directory if it doesn't exist
mkdir -p logs

# --- Install/Verify roaring-landmask ---
# The PBF file will be downloaded to the cache on first run.
# echo "Verifying/installing roaring-landmask..."
# pip install roaring-landmask

# --- Run Visualization ---
# This script generates the high-quality, zoomed-in plots for the final 3-hour evaluation.
echo "Running visualization script for final 3-hour horizon plots..."
python -m kalman_filter.baselines.visualize_kalman \
    --final_dir /dtu/blackhole/10/178320/preprocessed_1/final/test \
    --output_dir data/figures/kalman_final_3h \
    --horizon 36 \
    --n_examples 10

echo "Visualization script finished."
echo "Plots saved in data/figures/kalman_final_3h"

------------------------------------------------------------

Successfully completed.

Resource usage summary:

    CPU time :                                   20.66 sec.
    Max Memory :                                 172 MB
    Average Memory :                             172.00 MB
    Total Requested Memory :                     4096.00 MB
    Delta Memory :                               3924.00 MB
    Max Swap :                                   -
    Max Processes :                              4
    Max Threads :                                5
    Run time :                                   44 sec.
    Turnaround time :                            25 sec.

The output (if any) is above this job summary.



PS:

Read file <logs/kalman_visualization_27059008.err> for stderr output of this job.

