==================================================
Starting Kalman Filter Baseline Evaluation
Test Data: /dtu/blackhole/10/178320/preprocessed_1/final/test
Output Dir: data/checkpoints
Cores: 4
==================================================
Job completed at Tue Nov 25 15:46:12 CET 2025

------------------------------------------------------------
Sender: LSF System <lsfadmin@hpc.dtu.dk>
Subject: Job 27175305: <kalman_test> in cluster <dcc> Done

Job <kalman_test> was submitted from host <gbarlogin1> by user <s221710> in cluster <dcc> at Tue Nov 25 15:46:10 2025
Job was executed on host(s) <4*n-62-30-25>, in queue <hpc>, as user <s221710> in cluster <dcc> at Tue Nov 25 15:46:11 2025
</zhome/f5/1/178320> was used as the home directory.
</zhome/f5/1/178320/AIS-MDA> was used as the working directory.
Started at Tue Nov 25 15:46:11 2025
Terminated at Tue Nov 25 15:46:12 2025
Results reported at Tue Nov 25 15:46:12 2025

Your job looked like:

------------------------------------------------------------
# LSBATCH: User input
#!/bin/sh

### Job Name:
#BSUB -J kalman_test

### Queue Name:
#BSUB -q hpc

### Resource Request:
# 4 cores is sufficient for the parallel joblib execution
#BSUB -n 4
#BSUB -R "span[hosts=1]"
#BSUB -R "rusage[mem=8GB]"
#BSUB -W 4:00

### Output files
#BSUB -o logs/kalman_%J.out
#BSUB -e logs/kalman_%J.err

# --- Setup Environment ---
cd ~/AIS-MDA
module swap python3/3.13.2
source .venv/bin/activate

# --- Define Paths ---
# Using the TEST directory specifically
TEST_DIR="/dtu/blackhole/10/178320/preprocessed_1/final/test"
OUT_DIR="data/checkpoints"

echo "=================================================="
echo "Starting Kalman Filter Baseline Evaluation"
echo "Test Data: $TEST_DIR"
echo "Output Dir: $OUT_DIR"
echo "Cores: 4"
echo "=================================================="

# --- Run Evaluation ---
# Note: --n_jobs 4 matches the BSUB -n 4 request
python -m src.baselines.train_kalman \
    --test_dir "${TEST_DIR}" \
    --out_dir "${OUT_DIR}" \
    --window 64 \
    --horizon 12 \
    --n_jobs 4

echo "Job completed at $(date)"
------------------------------------------------------------

Successfully completed.

Resource usage summary:

    CPU time :                                   0.89 sec.
    Max Memory :                                 -
    Average Memory :                             -
    Total Requested Memory :                     32768.00 MB
    Delta Memory :                               -
    Max Swap :                                   -
    Max Processes :                              -
    Max Threads :                                -
    Run time :                                   75 sec.
    Turnaround time :                            2 sec.

The output (if any) is above this job summary.



PS:

Read file <logs/kalman_27175305.err> for stderr output of this job.

